09-11-2020 00:01:32.482 INFO  c.e.v.VitalsignProjectServicesApplication.logStarting - Starting VitalsignProjectServicesApplication on MSI with PID 9424 (E:\6.Project_elcom\ProjectVitalSign\target\classes started by admin in E:\6.Project_elcom\ProjectVitalSign)
09-11-2020 00:01:32.492 INFO  c.e.v.VitalsignProjectServicesApplication.logStartupProfileInfo - No active profile set, falling back to default profiles: default
09-11-2020 00:01:35.452 INFO  c.e.v.VitalsignProjectServicesApplication.logStarted - Started VitalsignProjectServicesApplication in 3.354 seconds (JVM running for 3.713)
09-11-2020 00:01:35.455 INFO  c.e.v.mqtt.MqttSubscriberInitApp.subscribersByDisplay - [ subscribersByDisplay topic ]
09-11-2020 00:01:35.644 INFO  c.e.v.mqtt.MqttSubscriberInitApp.subscribersByDisplay - [DISPLAY_REQ_GATE_SENSOR_4eb2459ae05f004c] subscribe topic [DISPLAY_REQ_GATE_SENSOR_4eb2459ae05f004c] SUCCESS!
09-11-2020 00:01:35.751 INFO  c.e.v.mqtt.MqttSubscriberInitApp.subscribersByDisplay - [DISPLAY_UNLINK_GATE_REQ_4eb2459ae05f004c] subscribe topic [DISPLAY_UNLINK_GATE_REQ_4eb2459ae05f004c] SUCCESS!
09-11-2020 00:01:35.855 INFO  c.e.v.mqtt.MqttSubscriberInitApp.subscribersByDisplay - [GET_PATIENT_LIST_4eb2459ae05f004c] subscribe topic [GET_PATIENT_LIST_4eb2459ae05f004c] SUCCESS!
09-11-2020 00:01:35.967 INFO  c.e.v.mqtt.MqttSubscriberInitApp.subscribersByDisplay - [DISPLAY_LINK_GATE_REQ_4eb2459ae05f004c] subscribe topic [DISPLAY_LINK_GATE_REQ_4eb2459ae05f004c] SUCCESS!
09-11-2020 00:01:36.090 INFO  c.e.v.mqtt.MqttSubscriberInitApp.subscribersByDisplay - [DISPLAY_REQ_GATE_SENSOR_4eb2459ae05f004f] subscribe topic [DISPLAY_REQ_GATE_SENSOR_4eb2459ae05f004f] SUCCESS!
09-11-2020 00:01:36.200 INFO  c.e.v.mqtt.MqttSubscriberInitApp.subscribersByDisplay - [DISPLAY_UNLINK_GATE_REQ_4eb2459ae05f004f] subscribe topic [DISPLAY_UNLINK_GATE_REQ_4eb2459ae05f004f] SUCCESS!
09-11-2020 00:01:36.314 INFO  c.e.v.mqtt.MqttSubscriberInitApp.subscribersByDisplay - [GET_PATIENT_LIST_4eb2459ae05f004f] subscribe topic [GET_PATIENT_LIST_4eb2459ae05f004f] SUCCESS!
09-11-2020 00:01:36.425 INFO  c.e.v.mqtt.MqttSubscriberInitApp.subscribersByDisplay - [DISPLAY_LINK_GATE_REQ_4eb2459ae05f004f] subscribe topic [DISPLAY_LINK_GATE_REQ_4eb2459ae05f004f] SUCCESS!
09-11-2020 00:01:36.527 INFO  c.e.v.mqtt.MqttSubscriberInitApp.subscribersByDisplay - [DISPLAY_REQ_GATE_SENSOR_cdbade93cdd4bd18] subscribe topic [DISPLAY_REQ_GATE_SENSOR_cdbade93cdd4bd18] SUCCESS!
09-11-2020 00:01:36.631 INFO  c.e.v.mqtt.MqttSubscriberInitApp.subscribersByDisplay - [DISPLAY_UNLINK_GATE_REQ_cdbade93cdd4bd18] subscribe topic [DISPLAY_UNLINK_GATE_REQ_cdbade93cdd4bd18] SUCCESS!
09-11-2020 00:01:36.734 INFO  c.e.v.mqtt.MqttSubscriberInitApp.subscribersByDisplay - [GET_PATIENT_LIST_cdbade93cdd4bd18] subscribe topic [GET_PATIENT_LIST_cdbade93cdd4bd18] SUCCESS!
09-11-2020 00:01:36.835 INFO  c.e.v.mqtt.MqttSubscriberInitApp.subscribersByDisplay - [DISPLAY_LINK_GATE_REQ_cdbade93cdd4bd18] subscribe topic [DISPLAY_LINK_GATE_REQ_cdbade93cdd4bd18] SUCCESS!
09-11-2020 00:01:36.939 INFO  c.e.v.mqtt.MqttSubscriberInitApp.subscribersByDisplay - [DISPLAY_REQ_GATE_SENSOR_ddbade93cdd4bd18] subscribe topic [DISPLAY_REQ_GATE_SENSOR_ddbade93cdd4bd18] SUCCESS!
09-11-2020 00:01:37.051 INFO  c.e.v.mqtt.MqttSubscriberInitApp.subscribersByDisplay - [DISPLAY_UNLINK_GATE_REQ_ddbade93cdd4bd18] subscribe topic [DISPLAY_UNLINK_GATE_REQ_ddbade93cdd4bd18] SUCCESS!
09-11-2020 00:01:37.167 INFO  c.e.v.mqtt.MqttSubscriberInitApp.subscribersByDisplay - [GET_PATIENT_LIST_ddbade93cdd4bd18] subscribe topic [GET_PATIENT_LIST_ddbade93cdd4bd18] SUCCESS!
09-11-2020 00:01:37.304 INFO  c.e.v.mqtt.MqttSubscriberInitApp.subscribersByDisplay - [DISPLAY_LINK_GATE_REQ_ddbade93cdd4bd18] subscribe topic [DISPLAY_LINK_GATE_REQ_ddbade93cdd4bd18] SUCCESS!
09-11-2020 00:01:37.431 INFO  c.e.v.mqtt.MqttSubscriberInitApp.subscribersByDisplay - [DISPLAY_REQ_GATE_SENSOR_edbade93cdd4bd19] subscribe topic [DISPLAY_REQ_GATE_SENSOR_edbade93cdd4bd19] SUCCESS!
09-11-2020 00:01:37.543 INFO  c.e.v.mqtt.MqttSubscriberInitApp.subscribersByDisplay - [DISPLAY_UNLINK_GATE_REQ_edbade93cdd4bd19] subscribe topic [DISPLAY_UNLINK_GATE_REQ_edbade93cdd4bd19] SUCCESS!
09-11-2020 00:01:37.643 INFO  c.e.v.mqtt.MqttSubscriberInitApp.subscribersByDisplay - [GET_PATIENT_LIST_edbade93cdd4bd19] subscribe topic [GET_PATIENT_LIST_edbade93cdd4bd19] SUCCESS!
09-11-2020 00:01:37.737 INFO  c.e.v.mqtt.MqttSubscriberInitApp.subscribersByDisplay - [DISPLAY_LINK_GATE_REQ_edbade93cdd4bd19] subscribe topic [DISPLAY_LINK_GATE_REQ_edbade93cdd4bd19] SUCCESS!
09-11-2020 00:01:37.737 INFO  c.e.v.mqtt.MqttSubscriberInitApp.subscribersByGate - [subscribersByGate topic ]
09-11-2020 00:01:37.838 INFO  c.e.v.mqtt.MqttSubscriberInitApp.subscribersByGate - [GATE_REQ_DISPLAY_SENSOR_00bade93cdd4bd18] subscribe topic [GATE_REQ_DISPLAY_SENSOR_00bade93cdd4bd18] SUCCESS!
09-11-2020 00:01:37.934 INFO  c.e.v.mqtt.MqttSubscriberInitApp.subscribersByGate - [MQTT_TOPIC_DATA_BP_00bade93cdd4bd18] subscribe topic [MQTT_TOPIC_DATA_BP_00bade93cdd4bd18] SUCCESS!
09-11-2020 00:01:38.039 INFO  c.e.v.mqtt.MqttSubscriberInitApp.subscribersByGate - [MQTT_TOPIC_DATA_SPO2_00bade93cdd4bd18] subscribe topic [MQTT_TOPIC_DATA_SPO2_00bade93cdd4bd18] SUCCESS!
09-11-2020 00:01:38.142 INFO  c.e.v.mqtt.MqttSubscriberInitApp.subscribersByGate - [MQTT_TOPIC_DATA_TEMP_00bade93cdd4bd18] subscribe topic [MQTT_TOPIC_DATA_TEMP_00bade93cdd4bd18] SUCCESS!
09-11-2020 00:01:38.252 INFO  c.e.v.mqtt.MqttSubscriberInitApp.subscribersByGate - [GATE_REQ_DISPLAY_SENSOR_00bade93cdd4bd19] subscribe topic [GATE_REQ_DISPLAY_SENSOR_00bade93cdd4bd19] SUCCESS!
09-11-2020 00:01:38.364 INFO  c.e.v.mqtt.MqttSubscriberInitApp.subscribersByGate - [MQTT_TOPIC_DATA_BP_00bade93cdd4bd19] subscribe topic [MQTT_TOPIC_DATA_BP_00bade93cdd4bd19] SUCCESS!
09-11-2020 00:01:38.472 INFO  c.e.v.mqtt.MqttSubscriberInitApp.subscribersByGate - [MQTT_TOPIC_DATA_SPO2_00bade93cdd4bd19] subscribe topic [MQTT_TOPIC_DATA_SPO2_00bade93cdd4bd19] SUCCESS!
09-11-2020 00:01:38.588 INFO  c.e.v.mqtt.MqttSubscriberInitApp.subscribersByGate - [MQTT_TOPIC_DATA_TEMP_00bade93cdd4bd19] subscribe topic [MQTT_TOPIC_DATA_TEMP_00bade93cdd4bd19] SUCCESS!
